<?xml version="1.0" encoding="UTF-8"?>
<testng-results ignored="0" total="1" passed="1" failed="0" skipped="0">
  <reporter-output>
  </reporter-output>
  <suite started-at="2024-07-17T21:27:02 EDT" name="Default suite" finished-at="2024-07-17T21:27:40 EDT" duration-ms="38645">
    <groups>
    </groups>
    <test started-at="2024-07-17T21:27:02 EDT" name="Default test" finished-at="2024-07-17T21:27:40 EDT" duration-ms="38645">
      <class name="scraper.ScraperTest_LtoO">
        <test-method signature="scrapReceipe()[pri:0, instance:scraper.ScraperTest_LtoO@f0c8a99]" started-at="2024-07-17T21:27:02 EDT" name="scrapReceipe" finished-at="2024-07-17T21:27:40 EDT" duration-ms="38565" status="PASS">
          <reporter-output>
          </reporter-output>
        </test-method> <!-- scrapReceipe -->
      </class> <!-- scraper.ScraperTest_LtoO -->
    </test> <!-- Default test -->
  </suite> <!-- Default suite -->
</testng-results>
