<?xml version="1.0" encoding="UTF-8"?>
<testng-results ignored="0" total="1" passed="0" failed="1" skipped="0">
  <reporter-output>
  </reporter-output>
  <suite started-at="2024-07-14T01:59:55 EDT" name="Default suite" finished-at="2024-07-14T02:00:03 EDT" duration-ms="8742">
    <groups>
    </groups>
    <test started-at="2024-07-14T01:59:55 EDT" name="Default test" finished-at="2024-07-14T02:00:03 EDT" duration-ms="8742">
      <class name="tests.scrappingReceipe">
        <test-method signature="receipescrapping()[pri:0, instance:tests.scrappingReceipe@53fe15ff]" started-at="2024-07-14T01:59:55 EDT" name="receipescrapping" finished-at="2024-07-14T02:00:03 EDT" duration-ms="8723" status="FAIL">
          <exception class="org.htmlunit.ScriptException">
            <message>
              <![CDATA[missing ; before statement (https://s7.addthis.com/js/250/addthis_widget.js#username=xa-4b4ad02f1e369bf9#1)]]>
            </message>
            <full-stacktrace>
              <![CDATA[======= EXCEPTION START ========
Exception class=[org.htmlunit.corejs.javascript.EvaluatorException]
org.htmlunit.ScriptException: missing ; before statement (https://s7.addthis.com/js/250/addthis_widget.js#username=xa-4b4ad02f1e369bf9#1)
at org.htmlunit.javascript.JavaScriptEngine$HtmlUnitContextAction.run(JavaScriptEngine.java:959)
at org.htmlunit.corejs.javascript.Context.call(Context.java:585)
at org.htmlunit.corejs.javascript.ContextFactory.call(ContextFactory.java:481)
at org.htmlunit.javascript.HtmlUnitContextFactory.callSecured(HtmlUnitContextFactory.java:314)
at org.htmlunit.javascript.JavaScriptEngine.compile(JavaScriptEngine.java:731)
at org.htmlunit.javascript.JavaScriptEngine.compile(JavaScriptEngine.java:109)
at org.htmlunit.html.HtmlPage.loadJavaScriptFromUrl(HtmlPage.java:1124)
at org.htmlunit.html.HtmlPage.loadExternalJavaScriptFile(HtmlPage.java:1015)
at org.htmlunit.html.ScriptElementSupport.executeScriptIfNeeded(ScriptElementSupport.java:187)
at org.htmlunit.html.ScriptElementSupport$1.execute(ScriptElementSupport.java:111)
at org.htmlunit.html.ScriptElementSupport.onAllChildrenAddedToPage(ScriptElementSupport.java:134)
at org.htmlunit.html.HtmlScript.onAllChildrenAddedToPage(HtmlScript.java:192)
at org.htmlunit.html.parser.neko.HtmlUnitNekoDOMBuilder.endElement(HtmlUnitNekoDOMBuilder.java:508)
at org.htmlunit.cyberneko.xerces.parsers.AbstractSAXParser.endElement(AbstractSAXParser.java:291)
at org.htmlunit.html.parser.neko.HtmlUnitNekoDOMBuilder.endElement(HtmlUnitNekoDOMBuilder.java:454)
at org.htmlunit.cyberneko.HTMLTagBalancer.callEndElement(HTMLTagBalancer.java:1220)
at org.htmlunit.cyberneko.HTMLTagBalancer.endElement(HTMLTagBalancer.java:1164)
at org.htmlunit.cyberneko.filters.DefaultFilter.endElement(DefaultFilter.java:168)
at org.htmlunit.cyberneko.filters.NamespaceBinder.endElement(NamespaceBinder.java:266)
at org.htmlunit.cyberneko.HTMLScanner$ContentScanner.scanEndElement(HTMLScanner.java:3208)
at org.htmlunit.cyberneko.HTMLScanner$ContentScanner.scan(HTMLScanner.java:2098)
at org.htmlunit.cyberneko.HTMLScanner.scanDocument(HTMLScanner.java:909)
at org.htmlunit.cyberneko.HTMLConfiguration.parse(HTMLConfiguration.java:336)
at org.htmlunit.cyberneko.HTMLConfiguration.parse(HTMLConfiguration.java:294)
at org.htmlunit.cyberneko.xerces.parsers.AbstractXMLDocumentParser.parse(AbstractXMLDocumentParser.java:80)
at org.htmlunit.html.parser.neko.HtmlUnitNekoDOMBuilder.parse(HtmlUnitNekoDOMBuilder.java:752)
at org.htmlunit.html.parser.neko.HtmlUnitNekoHtmlParser.parse(HtmlUnitNekoHtmlParser.java:202)
at org.htmlunit.DefaultPageCreator.createHtmlPage(DefaultPageCreator.java:307)
at org.htmlunit.DefaultPageCreator.createPage(DefaultPageCreator.java:226)
at org.htmlunit.WebClient.loadWebResponseInto(WebClient.java:651)
at org.htmlunit.WebClient.loadWebResponseInto(WebClient.java:545)
at org.htmlunit.WebClient.getPage(WebClient.java:463)
at org.htmlunit.WebClient.getPage(WebClient.java:370)
at org.htmlunit.WebClient.getPage(WebClient.java:508)
at org.htmlunit.WebClient.getPage(WebClient.java:490)
at tests.scrappingReceipe.receipescrapping(scrappingReceipe.java:51)
at java.base/jdk.internal.reflect.NativeMethodAccessorImpl.invoke0(Native Method)
at java.base/jdk.internal.reflect.NativeMethodAccessorImpl.invoke(NativeMethodAccessorImpl.java:77)
at java.base/jdk.internal.reflect.DelegatingMethodAccessorImpl.invoke(DelegatingMethodAccessorImpl.java:43)
at java.base/java.lang.reflect.Method.invoke(Method.java:568)
at org.testng.internal.invokers.MethodInvocationHelper.invokeMethod(MethodInvocationHelper.java:141)
at org.testng.internal.invokers.TestInvoker.invokeMethod(TestInvoker.java:686)
at org.testng.internal.invokers.TestInvoker.invokeTestMethod(TestInvoker.java:230)
at org.testng.internal.invokers.MethodRunner.runInSequence(MethodRunner.java:63)
at org.testng.internal.invokers.TestInvoker$MethodInvocationAgent.invoke(TestInvoker.java:992)
at org.testng.internal.invokers.TestInvoker.invokeTestMethods(TestInvoker.java:203)
at org.testng.internal.invokers.TestMethodWorker.invokeTestMethods(TestMethodWorker.java:154)
at org.testng.internal.invokers.TestMethodWorker.run(TestMethodWorker.java:134)
at java.base/java.util.ArrayList.forEach(ArrayList.java:1511)
at org.testng.TestRunner.privateRun(TestRunner.java:739)
at org.testng.TestRunner.run(TestRunner.java:614)
at org.testng.SuiteRunner.runTest(SuiteRunner.java:421)
at org.testng.SuiteRunner.runSequentially(SuiteRunner.java:413)
at org.testng.SuiteRunner.privateRun(SuiteRunner.java:373)
at org.testng.SuiteRunner.run(SuiteRunner.java:312)
at org.testng.SuiteRunnerWorker.runSuite(SuiteRunnerWorker.java:52)
at org.testng.SuiteRunnerWorker.run(SuiteRunnerWorker.java:95)
at org.testng.TestNG.runSuitesSequentially(TestNG.java:1274)
at org.testng.TestNG.runSuitesLocally(TestNG.java:1208)
at org.testng.TestNG.runSuites(TestNG.java:1112)
at org.testng.TestNG.run(TestNG.java:1079)
at org.testng.remote.AbstractRemoteTestNG.run(AbstractRemoteTestNG.java:115)
at org.testng.remote.RemoteTestNG.initAndRun(RemoteTestNG.java:293)
at org.testng.remote.RemoteTestNG.main(RemoteTestNG.java:91)
Caused by: org.htmlunit.corejs.javascript.EvaluatorException: missing ; before statement (https://s7.addthis.com/js/250/addthis_widget.js#username=xa-4b4ad02f1e369bf9#1)
at org.htmlunit.javascript.HtmlUnitContextFactory$HtmlUnitErrorReporter.error(HtmlUnitContextFactory.java:398)
at org.htmlunit.corejs.javascript.Parser.addError(Parser.java:257)
at org.htmlunit.corejs.javascript.Parser.reportError(Parser.java:336)
at org.htmlunit.corejs.javascript.Parser.reportError(Parser.java:327)
at org.htmlunit.corejs.javascript.Parser.reportError(Parser.java:320)
at org.htmlunit.corejs.javascript.Parser.autoInsertSemicolon(Parser.java:1322)
at org.htmlunit.corejs.javascript.Parser.statementHelper(Parser.java:1297)
at org.htmlunit.corejs.javascript.Parser.statement(Parser.java:1137)
at org.htmlunit.corejs.javascript.Parser.parse(Parser.java:631)
at org.htmlunit.corejs.javascript.Parser.parse(Parser.java:561)
at org.htmlunit.corejs.javascript.Context.parse(Context.java:2547)
at org.htmlunit.corejs.javascript.Context.compileImpl(Context.java:2478)
at org.htmlunit.corejs.javascript.Context.compileString(Context.java:1441)
at org.htmlunit.javascript.HtmlUnitContextFactory$TimeoutContext.compileString(HtmlUnitContextFactory.java:192)
at org.htmlunit.corejs.javascript.Context.compileString(Context.java:1429)
at org.htmlunit.javascript.JavaScriptEngine$1.doRun(JavaScriptEngine.java:722)
at org.htmlunit.javascript.JavaScriptEngine$HtmlUnitContextAction.run(JavaScriptEngine.java:942)
... 63 more
Enclosed exception: 
org.htmlunit.corejs.javascript.EvaluatorException: missing ; before statement (https://s7.addthis.com/js/250/addthis_widget.js#username=xa-4b4ad02f1e369bf9#1)
at org.htmlunit.javascript.HtmlUnitContextFactory$HtmlUnitErrorReporter.error(HtmlUnitContextFactory.java:398)
at org.htmlunit.corejs.javascript.Parser.addError(Parser.java:257)
at org.htmlunit.corejs.javascript.Parser.reportError(Parser.java:336)
at org.htmlunit.corejs.javascript.Parser.reportError(Parser.java:327)
at org.htmlunit.corejs.javascript.Parser.reportError(Parser.java:320)
at org.htmlunit.corejs.javascript.Parser.autoInsertSemicolon(Parser.java:1322)
at org.htmlunit.corejs.javascript.Parser.statementHelper(Parser.java:1297)
at org.htmlunit.corejs.javascript.Parser.statement(Parser.java:1137)
at org.htmlunit.corejs.javascript.Parser.parse(Parser.java:631)
at org.htmlunit.corejs.javascript.Parser.parse(Parser.java:561)
at org.htmlunit.corejs.javascript.Context.parse(Context.java:2547)
at org.htmlunit.corejs.javascript.Context.compileImpl(Context.java:2478)
at org.htmlunit.corejs.javascript.Context.compileString(Context.java:1441)
at org.htmlunit.javascript.HtmlUnitContextFactory$TimeoutContext.compileString(HtmlUnitContextFactory.java:192)
at org.htmlunit.corejs.javascript.Context.compileString(Context.java:1429)
at org.htmlunit.javascript.JavaScriptEngine$1.doRun(JavaScriptEngine.java:722)
at org.htmlunit.javascript.JavaScriptEngine$HtmlUnitContextAction.run(JavaScriptEngine.java:942)
at org.htmlunit.corejs.javascript.Context.call(Context.java:585)
at org.htmlunit.corejs.javascript.ContextFactory.call(ContextFactory.java:481)
at org.htmlunit.javascript.HtmlUnitContextFactory.callSecured(HtmlUnitContextFactory.java:314)
at org.htmlunit.javascript.JavaScriptEngine.compile(JavaScriptEngine.java:731)
at org.htmlunit.javascript.JavaScriptEngine.compile(JavaScriptEngine.java:109)
at org.htmlunit.html.HtmlPage.loadJavaScriptFromUrl(HtmlPage.java:1124)
at org.htmlunit.html.HtmlPage.loadExternalJavaScriptFile(HtmlPage.java:1015)
at org.htmlunit.html.ScriptElementSupport.executeScriptIfNeeded(ScriptElementSupport.java:187)
at org.htmlunit.html.ScriptElementSupport$1.execute(ScriptElementSupport.java:111)
at org.htmlunit.html.ScriptElementSupport.onAllChildrenAddedToPage(ScriptElementSupport.java:134)
at org.htmlunit.html.HtmlScript.onAllChildrenAddedToPage(HtmlScript.java:192)
at org.htmlunit.html.parser.neko.HtmlUnitNekoDOMBuilder.endElement(HtmlUnitNekoDOMBuilder.java:508)
at org.htmlunit.cyberneko.xerces.parsers.AbstractSAXParser.endElement(AbstractSAXParser.java:291)
at org.htmlunit.html.parser.neko.HtmlUnitNekoDOMBuilder.endElement(HtmlUnitNekoDOMBuilder.java:454)
at org.htmlunit.cyberneko.HTMLTagBalancer.callEndElement(HTMLTagBalancer.java:1220)
at org.htmlunit.cyberneko.HTMLTagBalancer.endElement(HTMLTagBalancer.java:1164)
at org.htmlunit.cyberneko.filters.DefaultFilter.endElement(DefaultFilter.java:168)
at org.htmlunit.cyberneko.filters.NamespaceBinder.endElement(NamespaceBinder.java:266)
at org.htmlunit.cyberneko.HTMLScanner$ContentScanner.scanEndElement(HTMLScanner.java:3208)
at org.htmlunit.cyberneko.HTMLScanner$ContentScanner.scan(HTMLScanner.java:2098)
at org.htmlunit.cyberneko.HTMLScanner.scanDocument(HTMLScanner.java:909)
at org.htmlunit.cyberneko.HTMLConfiguration.parse(HTMLConfiguration.java:336)
at org.htmlunit.cyberneko.HTMLConfiguration.parse(HTMLConfiguration.java:294)
at org.htmlunit.cyberneko.xerces.parsers.AbstractXMLDocumentParser.parse(AbstractXMLDocumentParser.java:80)
at org.htmlunit.html.parser.neko.HtmlUnitNekoDOMBuilder.parse(HtmlUnitNekoDOMBuilder.java:752)
at org.htmlunit.html.parser.neko.HtmlUnitNekoHtmlParser.parse(HtmlUnitNekoHtmlParser.java:202)
at org.htmlunit.DefaultPageCreator.createHtmlPage(DefaultPageCreator.java:307)
at org.htmlunit.DefaultPageCreator.createPage(DefaultPageCreator.java:226)
at org.htmlunit.WebClient.loadWebResponseInto(WebClient.java:651)
at org.htmlunit.WebClient.loadWebResponseInto(WebClient.java:545)
at org.htmlunit.WebClient.getPage(WebClient.java:463)
at org.htmlunit.WebClient.getPage(WebClient.java:370)
at org.htmlunit.WebClient.getPage(WebClient.java:508)
at org.htmlunit.WebClient.getPage(WebClient.java:490)
at tests.scrappingReceipe.receipescrapping(scrappingReceipe.java:51)
at java.base/jdk.internal.reflect.NativeMethodAccessorImpl.invoke0(Native Method)
at java.base/jdk.internal.reflect.NativeMethodAccessorImpl.invoke(NativeMethodAccessorImpl.java:77)
at java.base/jdk.internal.reflect.DelegatingMethodAccessorImpl.invoke(DelegatingMethodAccessorImpl.java:43)
at java.base/java.lang.reflect.Method.invoke(Method.java:568)
at org.testng.internal.invokers.MethodInvocationHelper.invokeMethod(MethodInvocationHelper.java:141)
at org.testng.internal.invokers.TestInvoker.invokeMethod(TestInvoker.java:686)
at org.testng.internal.invokers.TestInvoker.invokeTestMethod(TestInvoker.java:230)
at org.testng.internal.invokers.MethodRunner.runInSequence(MethodRunner.java:63)
at org.testng.internal.invokers.TestInvoker$MethodInvocationAgent.invoke(TestInvoker.java:992)
at org.testng.internal.invokers.TestInvoker.invokeTestMethods(TestInvoker.java:203)
at org.testng.internal.invokers.TestMethodWorker.invokeTestMethods(TestMethodWorker.java:154)
at org.testng.internal.invokers.TestMethodWorker.run(TestMethodWorker.java:134)
at java.base/java.util.ArrayList.forEach(ArrayList.java:1511)
at org.testng.TestRunner.privateRun(TestRunner.java:739)
at org.testng.TestRunner.run(TestRunner.java:614)
at org.testng.SuiteRunner.runTest(SuiteRunner.java:421)
at org.testng.SuiteRunner.runSequentially(SuiteRunner.java:413)
at org.testng.SuiteRunner.privateRun(SuiteRunner.java:373)
at org.testng.SuiteRunner.run(SuiteRunner.java:312)
at org.testng.SuiteRunnerWorker.runSuite(SuiteRunnerWorker.java:52)
at org.testng.SuiteRunnerWorker.run(SuiteRunnerWorker.java:95)
at org.testng.TestNG.runSuitesSequentially(TestNG.java:1274)
at org.testng.TestNG.runSuitesLocally(TestNG.java:1208)
at org.testng.TestNG.runSuites(TestNG.java:1112)
at org.testng.TestNG.run(TestNG.java:1079)
at org.testng.remote.AbstractRemoteTestNG.run(AbstractRemoteTestNG.java:115)
at org.testng.remote.RemoteTestNG.initAndRun(RemoteTestNG.java:293)
at org.testng.remote.RemoteTestNG.main(RemoteTestNG.java:91)
== CALLING JAVASCRIPT ==
500 Server error
======= EXCEPTION END ========
]]>
            </full-stacktrace>
          </exception> <!-- org.htmlunit.ScriptException -->
          <reporter-output>
          </reporter-output>
        </test-method> <!-- receipescrapping -->
      </class> <!-- tests.scrappingReceipe -->
    </test> <!-- Default test -->
  </suite> <!-- Default suite -->
</testng-results>
